<?xml version="1.0" encoding="UTF-8"?>
<testsuite xmlns:xsi="http://www.w3.org/2001/XMLSchema-instance" xsi:noNamespaceSchemaLocation="https://maven.apache.org/surefire/maven-surefire-plugin/xsd/surefire-test-report.xsd" version="3.0.2" name="com.example.ExampleResourceTest" time="11.897" tests="1" errors="0" skipped="0" failures="0">
  <properties>
    <property name="java.specification.version" value="21"/>
    <property name="sun.cpu.isalist" value="amd64"/>
    <property name="test.url" value="http://localhost:8081"/>
    <property name="sun.jnu.encoding" value="Cp1252"/>
    <property name="io.quarkus.security.http.test-if-basic-auth-implicitly-required" value="true"/>
    <property name="java.class.path" value="C:\Users\filip\IdeaProjects\searchservice_journalsys\target\test-classes;C:\Users\filip\IdeaProjects\searchservice_journalsys\target\classes;C:\Users\filip\.m2\repository\io\quarkus\quarkus-arc\3.17.2\quarkus-arc-3.17.2.jar;C:\Users\filip\.m2\repository\io\quarkus\arc\arc\3.17.2\arc-3.17.2.jar;C:\Users\filip\.m2\repository\jakarta\enterprise\jakarta.enterprise.cdi-api\4.1.0\jakarta.enterprise.cdi-api-4.1.0.jar;C:\Users\filip\.m2\repository\jakarta\enterprise\jakarta.enterprise.lang-model\4.1.0\jakarta.enterprise.lang-model-4.1.0.jar;C:\Users\filip\.m2\repository\jakarta\el\jakarta.el-api\5.0.1\jakarta.el-api-5.0.1.jar;C:\Users\filip\.m2\repository\jakarta\interceptor\jakarta.interceptor-api\2.2.0\jakarta.interceptor-api-2.2.0.jar;C:\Users\filip\.m2\repository\jakarta\annotation\jakarta.annotation-api\3.0.0\jakarta.annotation-api-3.0.0.jar;C:\Users\filip\.m2\repository\io\smallrye\reactive\mutiny\2.6.2\mutiny-2.6.2.jar;C:\Users\filip\.m2\repository\org\jctools\jctools-core\4.0.5\jctools-core-4.0.5.jar;C:\Users\filip\.m2\repository\org\jboss\logging\jboss-logging\3.6.1.Final\jboss-logging-3.6.1.Final.jar;C:\Users\filip\.m2\repository\io\quarkus\quarkus-core\3.17.2\quarkus-core-3.17.2.jar;C:\Users\filip\.m2\repository\jakarta\inject\jakarta.inject-api\2.0.1\jakarta.inject-api-2.0.1.jar;C:\Users\filip\.m2\repository\io\smallrye\common\smallrye-common-os\2.8.0\smallrye-common-os-2.8.0.jar;C:\Users\filip\.m2\repository\io\quarkus\quarkus-ide-launcher\3.17.2\quarkus-ide-launcher-3.17.2.jar;C:\Users\filip\.m2\repository\io\quarkus\quarkus-development-mode-spi\3.17.2\quarkus-development-mode-spi-3.17.2.jar;C:\Users\filip\.m2\repository\io\smallrye\config\smallrye-config\3.10.1\smallrye-config-3.10.1.jar;C:\Users\filip\.m2\repository\io\smallrye\config\smallrye-config-core\3.10.1\smallrye-config-core-3.10.1.jar;C:\Users\filip\.m2\repository\org\eclipse\microprofile\config\microprofile-config-api\3.1\microprofile-config-api-3.1.jar;C:\Users\filip\.m2\repository\io\smallrye\common\smallrye-common-classloader\2.8.0\smallrye-common-classloader-2.8.0.jar;C:\Users\filip\.m2\repository\io\smallrye\config\smallrye-config-common\3.10.1\smallrye-config-common-3.10.1.jar;C:\Users\filip\.m2\repository\org\jboss\logmanager\jboss-logmanager\3.1.0.Final\jboss-logmanager-3.1.0.Final.jar;C:\Users\filip\.m2\repository\io\smallrye\common\smallrye-common-constraint\2.8.0\smallrye-common-constraint-2.8.0.jar;C:\Users\filip\.m2\repository\io\smallrye\common\smallrye-common-cpu\2.8.0\smallrye-common-cpu-2.8.0.jar;C:\Users\filip\.m2\repository\io\smallrye\common\smallrye-common-expression\2.8.0\smallrye-common-expression-2.8.0.jar;C:\Users\filip\.m2\repository\io\smallrye\common\smallrye-common-net\2.8.0\smallrye-common-net-2.8.0.jar;C:\Users\filip\.m2\repository\io\smallrye\common\smallrye-common-ref\2.8.0\smallrye-common-ref-2.8.0.jar;C:\Users\filip\.m2\repository\jakarta\json\jakarta.json-api\2.1.3\jakarta.json-api-2.1.3.jar;C:\Users\filip\.m2\repository\org\jboss\logging\jboss-logging-annotations\3.0.2.Final\jboss-logging-annotations-3.0.2.Final.jar;C:\Users\filip\.m2\repository\org\jboss\threads\jboss-threads\3.8.0.Final\jboss-threads-3.8.0.Final.jar;C:\Users\filip\.m2\repository\io\smallrye\common\smallrye-common-function\2.8.0\smallrye-common-function-2.8.0.jar;C:\Users\filip\.m2\repository\org\slf4j\slf4j-api\2.0.6\slf4j-api-2.0.6.jar;C:\Users\filip\.m2\repository\org\jboss\slf4j\slf4j-jboss-logmanager\2.0.0.Final\slf4j-jboss-logmanager-2.0.0.Final.jar;C:\Users\filip\.m2\repository\org\wildfly\common\wildfly-common\1.7.0.Final\wildfly-common-1.7.0.Final.jar;C:\Users\filip\.m2\repository\io\quarkus\quarkus-bootstrap-runner\3.17.2\quarkus-bootstrap-runner-3.17.2.jar;C:\Users\filip\.m2\repository\io\quarkus\quarkus-fs-util\0.0.10\quarkus-fs-util-0.0.10.jar;C:\Users\filip\.m2\repository\org\eclipse\microprofile\context-propagation\microprofile-context-propagation-api\1.3\microprofile-context-propagation-api-1.3.jar;C:\Users\filip\.m2\repository\io\quarkus\quarkus-rest\3.17.2\quarkus-rest-3.17.2.jar;C:\Users\filip\.m2\repository\io\quarkus\quarkus-rest-common\3.17.2\quarkus-rest-common-3.17.2.jar;C:\Users\filip\.m2\repository\io\quarkus\resteasy\reactive\resteasy-reactive-common\3.17.2\resteasy-reactive-common-3.17.2.jar;C:\Users\filip\.m2\repository\io\quarkus\resteasy\reactive\resteasy-reactive-common-types\3.17.2\resteasy-reactive-common-types-3.17.2.jar;C:\Users\filip\.m2\repository\org\reactivestreams\reactive-streams\1.0.4\reactive-streams-1.0.4.jar;C:\Users\filip\.m2\repository\io\quarkus\resteasy\reactive\resteasy-reactive-vertx\3.17.2\resteasy-reactive-vertx-3.17.2.jar;C:\Users\filip\.m2\repository\io\vertx\vertx-web\4.5.11\vertx-web-4.5.11.jar;C:\Users\filip\.m2\repository\io\vertx\vertx-web-common\4.5.11\vertx-web-common-4.5.11.jar;C:\Users\filip\.m2\repository\io\vertx\vertx-auth-common\4.5.11\vertx-auth-common-4.5.11.jar;C:\Users\filip\.m2\repository\io\vertx\vertx-bridge-common\4.5.11\vertx-bridge-common-4.5.11.jar;C:\Users\filip\.m2\repository\io\smallrye\reactive\smallrye-mutiny-vertx-core\3.16.0\smallrye-mutiny-vertx-core-3.16.0.jar;C:\Users\filip\.m2\repository\io\smallrye\reactive\smallrye-mutiny-vertx-runtime\3.16.0\smallrye-mutiny-vertx-runtime-3.16.0.jar;C:\Users\filip\.m2\repository\io\smallrye\reactive\vertx-mutiny-generator\3.16.0\vertx-mutiny-generator-3.16.0.jar;C:\Users\filip\.m2\repository\io\vertx\vertx-codegen\4.5.11\vertx-codegen-4.5.11.jar;C:\Users\filip\.m2\repository\io\quarkus\resteasy\reactive\resteasy-reactive\3.17.2\resteasy-reactive-3.17.2.jar;C:\Users\filip\.m2\repository\io\quarkus\vertx\utils\quarkus-vertx-utils\3.17.2\quarkus-vertx-utils-3.17.2.jar;C:\Users\filip\.m2\repository\jakarta\ws\rs\jakarta.ws.rs-api\3.1.0\jakarta.ws.rs-api-3.1.0.jar;C:\Users\filip\.m2\repository\org\jboss\logging\commons-logging-jboss-logging\1.0.0.Final\commons-logging-jboss-logging-1.0.0.Final.jar;C:\Users\filip\.m2\repository\io\quarkus\quarkus-vertx-http\3.17.2\quarkus-vertx-http-3.17.2.jar;C:\Users\filip\.m2\repository\io\quarkus\quarkus-security-runtime-spi\3.17.2\quarkus-security-runtime-spi-3.17.2.jar;C:\Users\filip\.m2\repository\io\quarkus\quarkus-tls-registry\3.17.2\quarkus-tls-registry-3.17.2.jar;C:\Users\filip\.m2\repository\io\smallrye\common\smallrye-common-vertx-context\2.8.0\smallrye-common-vertx-context-2.8.0.jar;C:\Users\filip\.m2\repository\io\quarkus\security\quarkus-security\2.2.0\quarkus-security-2.2.0.jar;C:\Users\filip\.m2\repository\io\smallrye\reactive\smallrye-mutiny-vertx-web\3.16.0\smallrye-mutiny-vertx-web-3.16.0.jar;C:\Users\filip\.m2\repository\io\smallrye\reactive\smallrye-mutiny-vertx-web-common\3.16.0\smallrye-mutiny-vertx-web-common-3.16.0.jar;C:\Users\filip\.m2\repository\io\smallrye\reactive\smallrye-mutiny-vertx-auth-common\3.16.0\smallrye-mutiny-vertx-auth-common-3.16.0.jar;C:\Users\filip\.m2\repository\io\smallrye\reactive\smallrye-mutiny-vertx-bridge-common\3.16.0\smallrye-mutiny-vertx-bridge-common-3.16.0.jar;C:\Users\filip\.m2\repository\io\smallrye\reactive\smallrye-mutiny-vertx-uri-template\3.16.0\smallrye-mutiny-vertx-uri-template-3.16.0.jar;C:\Users\filip\.m2\repository\io\vertx\vertx-uri-template\4.5.11\vertx-uri-template-4.5.11.jar;C:\Users\filip\.m2\repository\io\github\crac\org-crac\0.1.3\org-crac-0.1.3.jar;C:\Users\filip\.m2\repository\com\aayushatharva\brotli4j\brotli4j\1.16.0\brotli4j-1.16.0.jar;C:\Users\filip\.m2\repository\com\aayushatharva\brotli4j\service\1.16.0\service-1.16.0.jar;C:\Users\filip\.m2\repository\com\aayushatharva\brotli4j\native-windows-x86_64\1.16.0\native-windows-x86_64-1.16.0.jar;C:\Users\filip\.m2\repository\io\quarkus\quarkus-jsonp\3.17.2\quarkus-jsonp-3.17.2.jar;C:\Users\filip\.m2\repository\org\eclipse\parsson\parsson\1.1.7\parsson-1.1.7.jar;C:\Users\filip\.m2\repository\io\quarkus\quarkus-virtual-threads\3.17.2\quarkus-virtual-threads-3.17.2.jar;C:\Users\filip\.m2\repository\io\vertx\vertx-core\4.5.11\vertx-core-4.5.11.jar;C:\Users\filip\.m2\repository\io\netty\netty-common\4.1.115.Final\netty-common-4.1.115.Final.jar;C:\Users\filip\.m2\repository\io\netty\netty-buffer\4.1.115.Final\netty-buffer-4.1.115.Final.jar;C:\Users\filip\.m2\repository\io\netty\netty-transport\4.1.115.Final\netty-transport-4.1.115.Final.jar;C:\Users\filip\.m2\repository\io\netty\netty-handler\4.1.115.Final\netty-handler-4.1.115.Final.jar;C:\Users\filip\.m2\repository\io\netty\netty-transport-native-unix-common\4.1.115.Final\netty-transport-native-unix-common-4.1.115.Final.jar;C:\Users\filip\.m2\repository\io\netty\netty-handler-proxy\4.1.115.Final\netty-handler-proxy-4.1.115.Final.jar;C:\Users\filip\.m2\repository\io\netty\netty-codec-socks\4.1.115.Final\netty-codec-socks-4.1.115.Final.jar;C:\Users\filip\.m2\repository\io\netty\netty-codec-http\4.1.115.Final\netty-codec-http-4.1.115.Final.jar;C:\Users\filip\.m2\repository\io\netty\netty-codec-http2\4.1.115.Final\netty-codec-http2-4.1.115.Final.jar;C:\Users\filip\.m2\repository\io\netty\netty-resolver\4.1.115.Final\netty-resolver-4.1.115.Final.jar;C:\Users\filip\.m2\repository\io\netty\netty-resolver-dns\4.1.115.Final\netty-resolver-dns-4.1.115.Final.jar;C:\Users\filip\.m2\repository\io\netty\netty-codec-dns\4.1.115.Final\netty-codec-dns-4.1.115.Final.jar;C:\Users\filip\.m2\repository\com\fasterxml\jackson\core\jackson-core\2.18.1\jackson-core-2.18.1.jar;C:\Users\filip\.m2\repository\io\quarkus\quarkus-junit5\3.17.2\quarkus-junit5-3.17.2.jar;C:\Users\filip\.m2\repository\io\quarkus\quarkus-bootstrap-core\3.17.2\quarkus-bootstrap-core-3.17.2.jar;C:\Users\filip\.m2\repository\io\quarkus\quarkus-classloader-commons\3.17.2\quarkus-classloader-commons-3.17.2.jar;C:\Users\filip\.m2\repository\io\quarkus\quarkus-bootstrap-app-model\3.17.2\quarkus-bootstrap-app-model-3.17.2.jar;C:\Users\filip\.m2\repository\io\smallrye\common\smallrye-common-io\2.8.0\smallrye-common-io-2.8.0.jar;C:\Users\filip\.m2\repository\org\eclipse\sisu\org.eclipse.sisu.inject\0.9.0.M3\org.eclipse.sisu.inject-0.9.0.M3.jar;C:\Users\filip\.m2\repository\io\quarkus\quarkus-test-common\3.17.2\quarkus-test-common-3.17.2.jar;C:\Users\filip\.m2\repository\io\quarkus\quarkus-core-deployment\3.17.2\quarkus-core-deployment-3.17.2.jar;C:\Users\filip\.m2\repository\org\aesh\readline\2.6\readline-2.6.jar;C:\Users\filip\.m2\repository\org\fusesource\jansi\jansi\2.4.0\jansi-2.4.0.jar;C:\Users\filip\.m2\repository\org\aesh\aesh\2.8.2\aesh-2.8.2.jar;C:\Users\filip\.m2\repository\io\quarkus\gizmo\gizmo\1.8.0\gizmo-1.8.0.jar;C:\Users\filip\.m2\repository\org\ow2\asm\asm-util\9.7.1\asm-util-9.7.1.jar;C:\Users\filip\.m2\repository\org\ow2\asm\asm-analysis\9.7.1\asm-analysis-9.7.1.jar;C:\Users\filip\.m2\repository\org\ow2\asm\asm\9.7.1\asm-9.7.1.jar;C:\Users\filip\.m2\repository\org\ow2\asm\asm-commons\9.7.1\asm-commons-9.7.1.jar;C:\Users\filip\.m2\repository\org\ow2\asm\asm-tree\9.7.1\asm-tree-9.7.1.jar;C:\Users\filip\.m2\repository\io\quarkus\quarkus-hibernate-validator-spi\3.17.2\quarkus-hibernate-validator-spi-3.17.2.jar;C:\Users\filip\.m2\repository\io\quarkus\quarkus-class-change-agent\3.17.2\quarkus-class-change-agent-3.17.2.jar;C:\Users\filip\.m2\repository\io\quarkus\quarkus-devtools-utilities\3.17.2\quarkus-devtools-utilities-3.17.2.jar;C:\Users\filip\.m2\repository\io\quarkus\quarkus-builder\3.17.2\quarkus-builder-3.17.2.jar;C:\Users\filip\.m2\repository\org\graalvm\sdk\nativeimage\23.1.2\nativeimage-23.1.2.jar;C:\Users\filip\.m2\repository\org\graalvm\sdk\word\23.1.2\word-23.1.2.jar;C:\Users\filip\.m2\repository\org\junit\platform\junit-platform-launcher\1.10.5\junit-platform-launcher-1.10.5.jar;C:\Users\filip\.m2\repository\io\quarkus\quarkus-bootstrap-maven-resolver\3.17.2\quarkus-bootstrap-maven-resolver-3.17.2.jar;C:\Users\filip\.m2\repository\io\smallrye\beanbag\smallrye-beanbag-maven\1.5.2\smallrye-beanbag-maven-1.5.2.jar;C:\Users\filip\.m2\repository\io\smallrye\beanbag\smallrye-beanbag-sisu\1.5.2\smallrye-beanbag-sisu-1.5.2.jar;C:\Users\filip\.m2\repository\io\smallrye\beanbag\smallrye-beanbag\1.5.2\smallrye-beanbag-1.5.2.jar;C:\Users\filip\.m2\repository\org\apache\maven\maven-artifact\3.9.9\maven-artifact-3.9.9.jar;C:\Users\filip\.m2\repository\org\apache\maven\maven-builder-support\3.9.9\maven-builder-support-3.9.9.jar;C:\Users\filip\.m2\repository\org\apache\maven\maven-model\3.9.9\maven-model-3.9.9.jar;C:\Users\filip\.m2\repository\org\apache\maven\maven-model-builder\3.9.9\maven-model-builder-3.9.9.jar;C:\Users\filip\.m2\repository\org\apache\maven\maven-repository-metadata\3.9.9\maven-repository-metadata-3.9.9.jar;C:\Users\filip\.m2\repository\org\apache\maven\maven-settings\3.9.9\maven-settings-3.9.9.jar;C:\Users\filip\.m2\repository\org\apache\maven\resolver\maven-resolver-api\1.9.22\maven-resolver-api-1.9.22.jar;C:\Users\filip\.m2\repository\org\apache\maven\resolver\maven-resolver-impl\1.9.22\maven-resolver-impl-1.9.22.jar;C:\Users\filip\.m2\repository\org\apache\maven\resolver\maven-resolver-named-locks\1.9.22\maven-resolver-named-locks-1.9.22.jar;C:\Users\filip\.m2\repository\org\apache\maven\resolver\maven-resolver-spi\1.9.22\maven-resolver-spi-1.9.22.jar;C:\Users\filip\.m2\repository\org\apache\maven\resolver\maven-resolver-util\1.9.22\maven-resolver-util-1.9.22.jar;C:\Users\filip\.m2\repository\org\apache\maven\resolver\maven-resolver-transport-http\1.9.20\maven-resolver-transport-http-1.9.20.jar;C:\Users\filip\.m2\repository\org\apache\maven\wagon\wagon-provider-api\3.5.3\wagon-provider-api-3.5.3.jar;C:\Users\filip\.m2\repository\org\apache\maven\wagon\wagon-http-shared\3.5.3\wagon-http-shared-3.5.3.jar;C:\Users\filip\.m2\repository\org\codehaus\plexus\plexus-interpolation\1.26\plexus-interpolation-1.26.jar;C:\Users\filip\.m2\repository\org\codehaus\plexus\plexus-utils\3.5.1\plexus-utils-3.5.1.jar;C:\Users\filip\.m2\repository\org\codehaus\plexus\plexus-xml\4.0.1\plexus-xml-4.0.1.jar;C:\Users\filip\.m2\repository\org\apache\maven\maven-xml-impl\4.0.0-alpha-5\maven-xml-impl-4.0.0-alpha-5.jar;C:\Users\filip\.m2\repository\org\apache\maven\maven-api-xml\4.0.0-alpha-5\maven-api-xml-4.0.0-alpha-5.jar;C:\Users\filip\.m2\repository\org\apache\maven\maven-api-meta\4.0.0-alpha-5\maven-api-meta-4.0.0-alpha-5.jar;C:\Users\filip\.m2\repository\org\codehaus\plexus\plexus-cipher\2.0\plexus-cipher-2.0.jar;C:\Users\filip\.m2\repository\org\codehaus\plexus\plexus-sec-dispatcher\2.0\plexus-sec-dispatcher-2.0.jar;C:\Users\filip\.m2\repository\org\apache\maven\maven-embedder\3.9.9\maven-embedder-3.9.9.jar;C:\Users\filip\.m2\repository\org\apache\maven\maven-core\3.9.9\maven-core-3.9.9.jar;C:\Users\filip\.m2\repository\org\codehaus\plexus\plexus-component-annotations\2.1.0\plexus-component-annotations-2.1.0.jar;C:\Users\filip\.m2\repository\org\apache\maven\maven-plugin-api\3.9.9\maven-plugin-api-3.9.9.jar;C:\Users\filip\.m2\repository\org\apache\maven\shared\maven-shared-utils\3.4.2\maven-shared-utils-3.4.2.jar;C:\Users\filip\.m2\repository\com\google\inject\guice\5.1.0\guice-5.1.0.jar;C:\Users\filip\.m2\repository\aopalliance\aopalliance\1.0\aopalliance-1.0.jar;C:\Users\filip\.m2\repository\com\google\guava\guava\33.3.1-jre\guava-33.3.1-jre.jar;C:\Users\filip\.m2\repository\com\google\guava\failureaccess\1.0.1\failureaccess-1.0.1.jar;C:\Users\filip\.m2\repository\javax\annotation\javax.annotation-api\1.3.2\javax.annotation-api-1.3.2.jar;C:\Users\filip\.m2\repository\org\codehaus\plexus\plexus-classworlds\2.6.0\plexus-classworlds-2.6.0.jar;C:\Users\filip\.m2\repository\commons-cli\commons-cli\1.8.0\commons-cli-1.8.0.jar;C:\Users\filip\.m2\repository\org\eclipse\sisu\org.eclipse.sisu.plexus\0.9.0.M3\org.eclipse.sisu.plexus-0.9.0.M3.jar;C:\Users\filip\.m2\repository\org\apache\maven\maven-settings-builder\3.9.9\maven-settings-builder-3.9.9.jar;C:\Users\filip\.m2\repository\org\apache\maven\maven-resolver-provider\3.9.9\maven-resolver-provider-3.9.9.jar;C:\Users\filip\.m2\repository\org\apache\maven\resolver\maven-resolver-connector-basic\1.9.22\maven-resolver-connector-basic-1.9.22.jar;C:\Users\filip\.m2\repository\org\apache\maven\resolver\maven-resolver-transport-wagon\1.9.22\maven-resolver-transport-wagon-1.9.22.jar;C:\Users\filip\.m2\repository\org\apache\maven\wagon\wagon-http\3.5.3\wagon-http-3.5.3.jar;C:\Users\filip\.m2\repository\org\apache\maven\wagon\wagon-file\3.5.3\wagon-file-3.5.3.jar;C:\Users\filip\.m2\repository\io\quarkus\quarkus-bootstrap-gradle-resolver\3.17.2\quarkus-bootstrap-gradle-resolver-3.17.2.jar;C:\Users\filip\.m2\repository\io\smallrye\jandex\3.2.3\jandex-3.2.3.jar;C:\Users\filip\.m2\repository\commons-io\commons-io\2.17.0\commons-io-2.17.0.jar;C:\Users\filip\.m2\repository\io\quarkus\quarkus-junit5-properties\3.17.2\quarkus-junit5-properties-3.17.2.jar;C:\Users\filip\.m2\repository\org\junit\jupiter\junit-jupiter\5.10.5\junit-jupiter-5.10.5.jar;C:\Users\filip\.m2\repository\org\junit\jupiter\junit-jupiter-api\5.10.5\junit-jupiter-api-5.10.5.jar;C:\Users\filip\.m2\repository\org\opentest4j\opentest4j\1.3.0\opentest4j-1.3.0.jar;C:\Users\filip\.m2\repository\org\junit\platform\junit-platform-commons\1.10.5\junit-platform-commons-1.10.5.jar;C:\Users\filip\.m2\repository\org\apiguardian\apiguardian-api\1.1.2\apiguardian-api-1.1.2.jar;C:\Users\filip\.m2\repository\org\junit\jupiter\junit-jupiter-params\5.10.5\junit-jupiter-params-5.10.5.jar;C:\Users\filip\.m2\repository\org\junit\jupiter\junit-jupiter-engine\5.10.5\junit-jupiter-engine-5.10.5.jar;C:\Users\filip\.m2\repository\org\junit\platform\junit-platform-engine\1.10.5\junit-platform-engine-1.10.5.jar;C:\Users\filip\.m2\repository\org\jboss\marshalling\jboss-marshalling\2.2.1.Final\jboss-marshalling-2.2.1.Final.jar;C:\Users\filip\.m2\repository\io\rest-assured\rest-assured\5.5.0\rest-assured-5.5.0.jar;C:\Users\filip\.m2\repository\org\apache\groovy\groovy\4.0.22\groovy-4.0.22.jar;C:\Users\filip\.m2\repository\org\apache\groovy\groovy-xml\4.0.22\groovy-xml-4.0.22.jar;C:\Users\filip\.m2\repository\org\apache\httpcomponents\httpclient\4.5.14\httpclient-4.5.14.jar;C:\Users\filip\.m2\repository\org\apache\httpcomponents\httpcore\4.4.16\httpcore-4.4.16.jar;C:\Users\filip\.m2\repository\commons-codec\commons-codec\1.17.1\commons-codec-1.17.1.jar;C:\Users\filip\.m2\repository\org\apache\httpcomponents\httpmime\4.5.14\httpmime-4.5.14.jar;C:\Users\filip\.m2\repository\org\hamcrest\hamcrest\2.2\hamcrest-2.2.jar;C:\Users\filip\.m2\repository\org\ccil\cowan\tagsoup\tagsoup\1.2.1\tagsoup-1.2.1.jar;C:\Users\filip\.m2\repository\io\rest-assured\json-path\5.5.0\json-path-5.5.0.jar;C:\Users\filip\.m2\repository\org\apache\groovy\groovy-json\4.0.22\groovy-json-4.0.22.jar;C:\Users\filip\.m2\repository\io\rest-assured\rest-assured-common\5.5.0\rest-assured-common-5.5.0.jar;C:\Users\filip\.m2\repository\io\rest-assured\xml-path\5.5.0\xml-path-5.5.0.jar;C:\Users\filip\.m2\repository\org\apache\commons\commons-lang3\3.17.0\commons-lang3-3.17.0.jar;C:\Users\filip\.m2\repository\jakarta\persistence\jakarta.persistence-api\3.2.0\jakarta.persistence-api-3.2.0.jar;C:\Users\filip\.m2\repository\io\quarkus\quarkus-hibernate-reactive-panache\3.17.2\quarkus-hibernate-reactive-panache-3.17.2.jar;C:\Users\filip\.m2\repository\io\quarkus\quarkus-hibernate-reactive-panache-common\3.17.2\quarkus-hibernate-reactive-panache-common-3.17.2.jar;C:\Users\filip\.m2\repository\io\quarkus\quarkus-panache-common\3.17.2\quarkus-panache-common-3.17.2.jar;C:\Users\filip\.m2\repository\io\quarkus\quarkus-panache-hibernate-common\3.17.2\quarkus-panache-hibernate-common-3.17.2.jar;C:\Users\filip\.m2\repository\io\smallrye\common\smallrye-common-annotation\2.8.0\smallrye-common-annotation-2.8.0.jar;C:\Users\filip\.m2\repository\javax\enterprise\cdi-api\2.0.SP1\cdi-api-2.0.SP1.jar;C:\Users\filip\.m2\repository\javax\el\javax.el-api\3.0.0\javax.el-api-3.0.0.jar;C:\Users\filip\.m2\repository\javax\interceptor\javax.interceptor-api\1.2\javax.interceptor-api-1.2.jar;C:\Users\filip\.m2\repository\javax\inject\javax.inject\1\javax.inject-1.jar;C:\Users\filip\.m2\repository\javax\ws\rs\javax.ws.rs-api\2.1.1\javax.ws.rs-api-2.1.1.jar;C:\Users\filip\.m2\repository\io\quarkus\quarkus-jdbc-mysql\3.17.2\quarkus-jdbc-mysql-3.17.2.jar;C:\Users\filip\.m2\repository\io\quarkus\quarkus-agroal\3.17.2\quarkus-agroal-3.17.2.jar;C:\Users\filip\.m2\repository\io\agroal\agroal-api\2.5\agroal-api-2.5.jar;C:\Users\filip\.m2\repository\io\agroal\agroal-narayana\2.5\agroal-narayana-2.5.jar;C:\Users\filip\.m2\repository\org\jboss\jboss-transaction-spi\8.0.0.Final\jboss-transaction-spi-8.0.0.Final.jar;C:\Users\filip\.m2\repository\io\agroal\agroal-pool\2.5\agroal-pool-2.5.jar;C:\Users\filip\.m2\repository\io\quarkus\quarkus-hibernate-orm\3.17.2\quarkus-hibernate-orm-3.17.2.jar;C:\Users\filip\.m2\repository\io\quarkus\quarkus-narayana-jta\3.17.2\quarkus-narayana-jta-3.17.2.jar;C:\Users\filip\.m2\repository\io\quarkus\quarkus-transaction-annotations\3.17.2\quarkus-transaction-annotations-3.17.2.jar;C:\Users\filip\.m2\repository\io\smallrye\smallrye-context-propagation-jta\2.1.2\smallrye-context-propagation-jta-2.1.2.jar;C:\Users\filip\.m2\repository\io\smallrye\reactive\smallrye-reactive-converter-api\3.0.1\smallrye-reactive-converter-api-3.0.1.jar;C:\Users\filip\.m2\repository\io\smallrye\reactive\smallrye-reactive-converter-mutiny\3.0.1\smallrye-reactive-converter-mutiny-3.0.1.jar;C:\Users\filip\.m2\repository\io\smallrye\reactive\mutiny-zero-flow-adapters\1.1.0\mutiny-zero-flow-adapters-1.1.0.jar;C:\Users\filip\.m2\repository\org\jboss\narayana\jta\narayana-jta\7.1.0.Final\narayana-jta-7.1.0.Final.jar;C:\Users\filip\.m2\repository\jakarta\resource\jakarta.resource-api\2.1.0\jakarta.resource-api-2.1.0.jar;C:\Users\filip\.m2\repository\org\jboss\invocation\jboss-invocation\2.0.0.Final\jboss-invocation-2.0.0.Final.jar;C:\Users\filip\.m2\repository\org\eclipse\microprofile\reactive-streams-operators\microprofile-reactive-streams-operators-api\3.0.1\microprofile-reactive-streams-operators-api-3.0.1.jar;C:\Users\filip\.m2\repository\org\jboss\narayana\jts\narayana-jts-integration\7.1.0.Final\narayana-jts-integration-7.1.0.Final.jar;C:\Users\filip\.m2\repository\org\hibernate\orm\hibernate-core\6.6.3.Final\hibernate-core-6.6.3.Final.jar;C:\Users\filip\.m2\repository\com\fasterxml\classmate\1.7.0\classmate-1.7.0.jar;C:\Users\filip\.m2\repository\org\antlr\antlr4-runtime\4.13.0\antlr4-runtime-4.13.0.jar;C:\Users\filip\.m2\repository\net\bytebuddy\byte-buddy\1.14.18\byte-buddy-1.14.18.jar;C:\Users\filip\.m2\repository\org\hibernate\common\hibernate-commons-annotations\7.0.3.Final\hibernate-commons-annotations-7.0.3.Final.jar;C:\Users\filip\.m2\repository\org\hibernate\orm\hibernate-graalvm\6.6.3.Final\hibernate-graalvm-6.6.3.Final.jar;C:\Users\filip\.m2\repository\org\glassfish\jaxb\jaxb-runtime\4.0.5\jaxb-runtime-4.0.5.jar;C:\Users\filip\.m2\repository\org\glassfish\jaxb\jaxb-core\4.0.5\jaxb-core-4.0.5.jar;C:\Users\filip\.m2\repository\org\eclipse\angus\angus-activation\2.0.2\angus-activation-2.0.2.jar;C:\Users\filip\.m2\repository\org\glassfish\jaxb\txw2\4.0.5\txw2-4.0.5.jar;C:\Users\filip\.m2\repository\com\sun\istack\istack-commons-runtime\4.1.2\istack-commons-runtime-4.1.2.jar;C:\Users\filip\.m2\repository\jakarta\xml\bind\jakarta.xml.bind-api\4.0.2\jakarta.xml.bind-api-4.0.2.jar;C:\Users\filip\.m2\repository\jakarta\activation\jakarta.activation-api\2.1.3\jakarta.activation-api-2.1.3.jar;C:\Users\filip\.m2\repository\jakarta\transaction\jakarta.transaction-api\2.0.1\jakarta.transaction-api-2.0.1.jar;C:\Users\filip\.m2\repository\org\hibernate\quarkus-local-cache\0.3.0\quarkus-local-cache-0.3.0.jar;C:\Users\filip\.m2\repository\io\quarkus\quarkus-caffeine\3.17.2\quarkus-caffeine-3.17.2.jar;C:\Users\filip\.m2\repository\com\github\ben-manes\caffeine\caffeine\3.1.8\caffeine-3.1.8.jar;C:\Users\filip\.m2\repository\com\google\errorprone\error_prone_annotations\2.35.1\error_prone_annotations-2.35.1.jar;C:\Users\filip\.m2\repository\io\quarkus\quarkus-datasource\3.17.2\quarkus-datasource-3.17.2.jar;C:\Users\filip\.m2\repository\io\quarkus\quarkus-datasource-common\3.17.2\quarkus-datasource-common-3.17.2.jar;C:\Users\filip\.m2\repository\io\quarkus\quarkus-credentials\3.17.2\quarkus-credentials-3.17.2.jar;C:\Users\filip\.m2\repository\io\quarkus\quarkus-hibernate-reactive\3.17.2\quarkus-hibernate-reactive-3.17.2.jar;C:\Users\filip\.m2\repository\io\quarkus\quarkus-reactive-datasource\3.17.2\quarkus-reactive-datasource-3.17.2.jar;C:\Users\filip\.m2\repository\io\vertx\vertx-sql-client\4.5.11\vertx-sql-client-4.5.11.jar;C:\Users\filip\.m2\repository\org\hibernate\reactive\hibernate-reactive-core\2.4.2.Final\hibernate-reactive-core-2.4.2.Final.jar;C:\Users\filip\.m2\repository\io\quarkus\quarkus-mutiny\3.17.2\quarkus-mutiny-3.17.2.jar;C:\Users\filip\.m2\repository\io\quarkus\quarkus-smallrye-context-propagation\3.17.2\quarkus-smallrye-context-propagation-3.17.2.jar;C:\Users\filip\.m2\repository\io\smallrye\smallrye-context-propagation\2.1.2\smallrye-context-propagation-2.1.2.jar;C:\Users\filip\.m2\repository\io\smallrye\smallrye-context-propagation-api\2.1.2\smallrye-context-propagation-api-2.1.2.jar;C:\Users\filip\.m2\repository\io\smallrye\smallrye-context-propagation-storage\2.1.2\smallrye-context-propagation-storage-2.1.2.jar;C:\Users\filip\.m2\repository\io\smallrye\reactive\mutiny-smallrye-context-propagation\2.6.2\mutiny-smallrye-context-propagation-2.6.2.jar;C:\Users\filip\.m2\repository\io\quarkus\quarkus-reactive-mysql-client\3.17.2\quarkus-reactive-mysql-client-3.17.2.jar;C:\Users\filip\.m2\repository\io\quarkus\quarkus-vertx\3.17.2\quarkus-vertx-3.17.2.jar;C:\Users\filip\.m2\repository\io\quarkus\quarkus-netty\3.17.2\quarkus-netty-3.17.2.jar;C:\Users\filip\.m2\repository\io\netty\netty-codec\4.1.115.Final\netty-codec-4.1.115.Final.jar;C:\Users\filip\.m2\repository\io\netty\netty-codec-haproxy\4.1.115.Final\netty-codec-haproxy-4.1.115.Final.jar;C:\Users\filip\.m2\repository\io\quarkus\quarkus-vertx-latebound-mdc-provider\3.17.2\quarkus-vertx-latebound-mdc-provider-3.17.2.jar;C:\Users\filip\.m2\repository\io\smallrye\smallrye-fault-tolerance-vertx\6.6.3\smallrye-fault-tolerance-vertx-6.6.3.jar;C:\Users\filip\.m2\repository\io\vertx\vertx-mysql-client\4.5.11\vertx-mysql-client-4.5.11.jar;C:\Users\filip\.m2\repository\io\smallrye\reactive\smallrye-mutiny-vertx-mysql-client\3.16.0\smallrye-mutiny-vertx-mysql-client-3.16.0.jar;C:\Users\filip\.m2\repository\io\smallrye\reactive\smallrye-mutiny-vertx-sql-client\3.16.0\smallrye-mutiny-vertx-sql-client-3.16.0.jar;C:\Users\filip\.m2\repository\io\quarkus\quarkus-rest-jsonb\3.15.2\quarkus-rest-jsonb-3.15.2.jar;C:\Users\filip\.m2\repository\io\quarkus\resteasy\reactive\resteasy-reactive-jsonb\3.17.2\resteasy-reactive-jsonb-3.17.2.jar;C:\Users\filip\.m2\repository\org\eclipse\yasson\3.0.4\yasson-3.0.4.jar;C:\Users\filip\.m2\repository\jakarta\json\bind\jakarta.json.bind-api\3.0.1\jakarta.json.bind-api-3.0.1.jar;C:\Users\filip\.m2\repository\io\quarkus\quarkus-rest-jsonb-common\3.17.2\quarkus-rest-jsonb-common-3.17.2.jar;C:\Users\filip\.m2\repository\io\quarkus\quarkus-jsonb\3.17.2\quarkus-jsonb-3.17.2.jar;C:\Users\filip\.m2\repository\com\mysql\mysql-connector-j\8.0.32\mysql-connector-j-8.0.32.jar;"/>
    <property name="java.vm.vendor" value="Oracle Corporation"/>
    <property name="sun.arch.data.model" value="64"/>
    <property name="user.variant" value=""/>
    <property name="java.vendor.url" value="https://java.oracle.com/"/>
    <property name="user.timezone" value="Europe/Stockholm"/>
    <property name="user.country.format" value="SE"/>
    <property name="logging.initial-configurator.min-level" value="500"/>
    <property name="java.vm.specification.version" value="21"/>
    <property name="os.name" value="Windows 10"/>
    <property name="sun.java.launcher" value="SUN_STANDARD"/>
    <property name="user.country" value="US"/>
    <property name="groovy.use.classvalue" value="false"/>
    <property name="sun.boot.library.path" value="C:\Users\filip\.jdks\openjdk-21.0.2\bin"/>
    <property name="sun.java.command" value="C:\Users\filip\AppData\Local\Temp\surefire9824966903185028269\surefirebooter-20241207124738206_3.jar C:\Users\filip\AppData\Local\Temp\surefire9824966903185028269 2024-12-07T12-47-38_092-jvmRun1 surefire-20241207124738206_1tmp surefire_0-20241207124738206_2tmp"/>
    <property name="jdk.debug" value="release"/>
    <property name="maven.home" value="C:\Program Files\JetBrains\IntelliJ IDEA 2023.2.1\plugins\maven\lib\maven3"/>
    <property name="surefire.test.class.path" value="C:\Users\filip\IdeaProjects\searchservice_journalsys\target\test-classes;C:\Users\filip\IdeaProjects\searchservice_journalsys\target\classes;C:\Users\filip\.m2\repository\io\quarkus\quarkus-arc\3.17.2\quarkus-arc-3.17.2.jar;C:\Users\filip\.m2\repository\io\quarkus\arc\arc\3.17.2\arc-3.17.2.jar;C:\Users\filip\.m2\repository\jakarta\enterprise\jakarta.enterprise.cdi-api\4.1.0\jakarta.enterprise.cdi-api-4.1.0.jar;C:\Users\filip\.m2\repository\jakarta\enterprise\jakarta.enterprise.lang-model\4.1.0\jakarta.enterprise.lang-model-4.1.0.jar;C:\Users\filip\.m2\repository\jakarta\el\jakarta.el-api\5.0.1\jakarta.el-api-5.0.1.jar;C:\Users\filip\.m2\repository\jakarta\interceptor\jakarta.interceptor-api\2.2.0\jakarta.interceptor-api-2.2.0.jar;C:\Users\filip\.m2\repository\jakarta\annotation\jakarta.annotation-api\3.0.0\jakarta.annotation-api-3.0.0.jar;C:\Users\filip\.m2\repository\io\smallrye\reactive\mutiny\2.6.2\mutiny-2.6.2.jar;C:\Users\filip\.m2\repository\org\jctools\jctools-core\4.0.5\jctools-core-4.0.5.jar;C:\Users\filip\.m2\repository\org\jboss\logging\jboss-logging\3.6.1.Final\jboss-logging-3.6.1.Final.jar;C:\Users\filip\.m2\repository\io\quarkus\quarkus-core\3.17.2\quarkus-core-3.17.2.jar;C:\Users\filip\.m2\repository\jakarta\inject\jakarta.inject-api\2.0.1\jakarta.inject-api-2.0.1.jar;C:\Users\filip\.m2\repository\io\smallrye\common\smallrye-common-os\2.8.0\smallrye-common-os-2.8.0.jar;C:\Users\filip\.m2\repository\io\quarkus\quarkus-ide-launcher\3.17.2\quarkus-ide-launcher-3.17.2.jar;C:\Users\filip\.m2\repository\io\quarkus\quarkus-development-mode-spi\3.17.2\quarkus-development-mode-spi-3.17.2.jar;C:\Users\filip\.m2\repository\io\smallrye\config\smallrye-config\3.10.1\smallrye-config-3.10.1.jar;C:\Users\filip\.m2\repository\io\smallrye\config\smallrye-config-core\3.10.1\smallrye-config-core-3.10.1.jar;C:\Users\filip\.m2\repository\org\eclipse\microprofile\config\microprofile-config-api\3.1\microprofile-config-api-3.1.jar;C:\Users\filip\.m2\repository\io\smallrye\common\smallrye-common-classloader\2.8.0\smallrye-common-classloader-2.8.0.jar;C:\Users\filip\.m2\repository\io\smallrye\config\smallrye-config-common\3.10.1\smallrye-config-common-3.10.1.jar;C:\Users\filip\.m2\repository\org\jboss\logmanager\jboss-logmanager\3.1.0.Final\jboss-logmanager-3.1.0.Final.jar;C:\Users\filip\.m2\repository\io\smallrye\common\smallrye-common-constraint\2.8.0\smallrye-common-constraint-2.8.0.jar;C:\Users\filip\.m2\repository\io\smallrye\common\smallrye-common-cpu\2.8.0\smallrye-common-cpu-2.8.0.jar;C:\Users\filip\.m2\repository\io\smallrye\common\smallrye-common-expression\2.8.0\smallrye-common-expression-2.8.0.jar;C:\Users\filip\.m2\repository\io\smallrye\common\smallrye-common-net\2.8.0\smallrye-common-net-2.8.0.jar;C:\Users\filip\.m2\repository\io\smallrye\common\smallrye-common-ref\2.8.0\smallrye-common-ref-2.8.0.jar;C:\Users\filip\.m2\repository\jakarta\json\jakarta.json-api\2.1.3\jakarta.json-api-2.1.3.jar;C:\Users\filip\.m2\repository\org\jboss\logging\jboss-logging-annotations\3.0.2.Final\jboss-logging-annotations-3.0.2.Final.jar;C:\Users\filip\.m2\repository\org\jboss\threads\jboss-threads\3.8.0.Final\jboss-threads-3.8.0.Final.jar;C:\Users\filip\.m2\repository\io\smallrye\common\smallrye-common-function\2.8.0\smallrye-common-function-2.8.0.jar;C:\Users\filip\.m2\repository\org\slf4j\slf4j-api\2.0.6\slf4j-api-2.0.6.jar;C:\Users\filip\.m2\repository\org\jboss\slf4j\slf4j-jboss-logmanager\2.0.0.Final\slf4j-jboss-logmanager-2.0.0.Final.jar;C:\Users\filip\.m2\repository\org\wildfly\common\wildfly-common\1.7.0.Final\wildfly-common-1.7.0.Final.jar;C:\Users\filip\.m2\repository\io\quarkus\quarkus-bootstrap-runner\3.17.2\quarkus-bootstrap-runner-3.17.2.jar;C:\Users\filip\.m2\repository\io\quarkus\quarkus-fs-util\0.0.10\quarkus-fs-util-0.0.10.jar;C:\Users\filip\.m2\repository\org\eclipse\microprofile\context-propagation\microprofile-context-propagation-api\1.3\microprofile-context-propagation-api-1.3.jar;C:\Users\filip\.m2\repository\io\quarkus\quarkus-rest\3.17.2\quarkus-rest-3.17.2.jar;C:\Users\filip\.m2\repository\io\quarkus\quarkus-rest-common\3.17.2\quarkus-rest-common-3.17.2.jar;C:\Users\filip\.m2\repository\io\quarkus\resteasy\reactive\resteasy-reactive-common\3.17.2\resteasy-reactive-common-3.17.2.jar;C:\Users\filip\.m2\repository\io\quarkus\resteasy\reactive\resteasy-reactive-common-types\3.17.2\resteasy-reactive-common-types-3.17.2.jar;C:\Users\filip\.m2\repository\org\reactivestreams\reactive-streams\1.0.4\reactive-streams-1.0.4.jar;C:\Users\filip\.m2\repository\io\quarkus\resteasy\reactive\resteasy-reactive-vertx\3.17.2\resteasy-reactive-vertx-3.17.2.jar;C:\Users\filip\.m2\repository\io\vertx\vertx-web\4.5.11\vertx-web-4.5.11.jar;C:\Users\filip\.m2\repository\io\vertx\vertx-web-common\4.5.11\vertx-web-common-4.5.11.jar;C:\Users\filip\.m2\repository\io\vertx\vertx-auth-common\4.5.11\vertx-auth-common-4.5.11.jar;C:\Users\filip\.m2\repository\io\vertx\vertx-bridge-common\4.5.11\vertx-bridge-common-4.5.11.jar;C:\Users\filip\.m2\repository\io\smallrye\reactive\smallrye-mutiny-vertx-core\3.16.0\smallrye-mutiny-vertx-core-3.16.0.jar;C:\Users\filip\.m2\repository\io\smallrye\reactive\smallrye-mutiny-vertx-runtime\3.16.0\smallrye-mutiny-vertx-runtime-3.16.0.jar;C:\Users\filip\.m2\repository\io\smallrye\reactive\vertx-mutiny-generator\3.16.0\vertx-mutiny-generator-3.16.0.jar;C:\Users\filip\.m2\repository\io\vertx\vertx-codegen\4.5.11\vertx-codegen-4.5.11.jar;C:\Users\filip\.m2\repository\io\quarkus\resteasy\reactive\resteasy-reactive\3.17.2\resteasy-reactive-3.17.2.jar;C:\Users\filip\.m2\repository\io\quarkus\vertx\utils\quarkus-vertx-utils\3.17.2\quarkus-vertx-utils-3.17.2.jar;C:\Users\filip\.m2\repository\jakarta\ws\rs\jakarta.ws.rs-api\3.1.0\jakarta.ws.rs-api-3.1.0.jar;C:\Users\filip\.m2\repository\org\jboss\logging\commons-logging-jboss-logging\1.0.0.Final\commons-logging-jboss-logging-1.0.0.Final.jar;C:\Users\filip\.m2\repository\io\quarkus\quarkus-vertx-http\3.17.2\quarkus-vertx-http-3.17.2.jar;C:\Users\filip\.m2\repository\io\quarkus\quarkus-security-runtime-spi\3.17.2\quarkus-security-runtime-spi-3.17.2.jar;C:\Users\filip\.m2\repository\io\quarkus\quarkus-tls-registry\3.17.2\quarkus-tls-registry-3.17.2.jar;C:\Users\filip\.m2\repository\io\smallrye\common\smallrye-common-vertx-context\2.8.0\smallrye-common-vertx-context-2.8.0.jar;C:\Users\filip\.m2\repository\io\quarkus\security\quarkus-security\2.2.0\quarkus-security-2.2.0.jar;C:\Users\filip\.m2\repository\io\smallrye\reactive\smallrye-mutiny-vertx-web\3.16.0\smallrye-mutiny-vertx-web-3.16.0.jar;C:\Users\filip\.m2\repository\io\smallrye\reactive\smallrye-mutiny-vertx-web-common\3.16.0\smallrye-mutiny-vertx-web-common-3.16.0.jar;C:\Users\filip\.m2\repository\io\smallrye\reactive\smallrye-mutiny-vertx-auth-common\3.16.0\smallrye-mutiny-vertx-auth-common-3.16.0.jar;C:\Users\filip\.m2\repository\io\smallrye\reactive\smallrye-mutiny-vertx-bridge-common\3.16.0\smallrye-mutiny-vertx-bridge-common-3.16.0.jar;C:\Users\filip\.m2\repository\io\smallrye\reactive\smallrye-mutiny-vertx-uri-template\3.16.0\smallrye-mutiny-vertx-uri-template-3.16.0.jar;C:\Users\filip\.m2\repository\io\vertx\vertx-uri-template\4.5.11\vertx-uri-template-4.5.11.jar;C:\Users\filip\.m2\repository\io\github\crac\org-crac\0.1.3\org-crac-0.1.3.jar;C:\Users\filip\.m2\repository\com\aayushatharva\brotli4j\brotli4j\1.16.0\brotli4j-1.16.0.jar;C:\Users\filip\.m2\repository\com\aayushatharva\brotli4j\service\1.16.0\service-1.16.0.jar;C:\Users\filip\.m2\repository\com\aayushatharva\brotli4j\native-windows-x86_64\1.16.0\native-windows-x86_64-1.16.0.jar;C:\Users\filip\.m2\repository\io\quarkus\quarkus-jsonp\3.17.2\quarkus-jsonp-3.17.2.jar;C:\Users\filip\.m2\repository\org\eclipse\parsson\parsson\1.1.7\parsson-1.1.7.jar;C:\Users\filip\.m2\repository\io\quarkus\quarkus-virtual-threads\3.17.2\quarkus-virtual-threads-3.17.2.jar;C:\Users\filip\.m2\repository\io\vertx\vertx-core\4.5.11\vertx-core-4.5.11.jar;C:\Users\filip\.m2\repository\io\netty\netty-common\4.1.115.Final\netty-common-4.1.115.Final.jar;C:\Users\filip\.m2\repository\io\netty\netty-buffer\4.1.115.Final\netty-buffer-4.1.115.Final.jar;C:\Users\filip\.m2\repository\io\netty\netty-transport\4.1.115.Final\netty-transport-4.1.115.Final.jar;C:\Users\filip\.m2\repository\io\netty\netty-handler\4.1.115.Final\netty-handler-4.1.115.Final.jar;C:\Users\filip\.m2\repository\io\netty\netty-transport-native-unix-common\4.1.115.Final\netty-transport-native-unix-common-4.1.115.Final.jar;C:\Users\filip\.m2\repository\io\netty\netty-handler-proxy\4.1.115.Final\netty-handler-proxy-4.1.115.Final.jar;C:\Users\filip\.m2\repository\io\netty\netty-codec-socks\4.1.115.Final\netty-codec-socks-4.1.115.Final.jar;C:\Users\filip\.m2\repository\io\netty\netty-codec-http\4.1.115.Final\netty-codec-http-4.1.115.Final.jar;C:\Users\filip\.m2\repository\io\netty\netty-codec-http2\4.1.115.Final\netty-codec-http2-4.1.115.Final.jar;C:\Users\filip\.m2\repository\io\netty\netty-resolver\4.1.115.Final\netty-resolver-4.1.115.Final.jar;C:\Users\filip\.m2\repository\io\netty\netty-resolver-dns\4.1.115.Final\netty-resolver-dns-4.1.115.Final.jar;C:\Users\filip\.m2\repository\io\netty\netty-codec-dns\4.1.115.Final\netty-codec-dns-4.1.115.Final.jar;C:\Users\filip\.m2\repository\com\fasterxml\jackson\core\jackson-core\2.18.1\jackson-core-2.18.1.jar;C:\Users\filip\.m2\repository\io\quarkus\quarkus-junit5\3.17.2\quarkus-junit5-3.17.2.jar;C:\Users\filip\.m2\repository\io\quarkus\quarkus-bootstrap-core\3.17.2\quarkus-bootstrap-core-3.17.2.jar;C:\Users\filip\.m2\repository\io\quarkus\quarkus-classloader-commons\3.17.2\quarkus-classloader-commons-3.17.2.jar;C:\Users\filip\.m2\repository\io\quarkus\quarkus-bootstrap-app-model\3.17.2\quarkus-bootstrap-app-model-3.17.2.jar;C:\Users\filip\.m2\repository\io\smallrye\common\smallrye-common-io\2.8.0\smallrye-common-io-2.8.0.jar;C:\Users\filip\.m2\repository\org\eclipse\sisu\org.eclipse.sisu.inject\0.9.0.M3\org.eclipse.sisu.inject-0.9.0.M3.jar;C:\Users\filip\.m2\repository\io\quarkus\quarkus-test-common\3.17.2\quarkus-test-common-3.17.2.jar;C:\Users\filip\.m2\repository\io\quarkus\quarkus-core-deployment\3.17.2\quarkus-core-deployment-3.17.2.jar;C:\Users\filip\.m2\repository\org\aesh\readline\2.6\readline-2.6.jar;C:\Users\filip\.m2\repository\org\fusesource\jansi\jansi\2.4.0\jansi-2.4.0.jar;C:\Users\filip\.m2\repository\org\aesh\aesh\2.8.2\aesh-2.8.2.jar;C:\Users\filip\.m2\repository\io\quarkus\gizmo\gizmo\1.8.0\gizmo-1.8.0.jar;C:\Users\filip\.m2\repository\org\ow2\asm\asm-util\9.7.1\asm-util-9.7.1.jar;C:\Users\filip\.m2\repository\org\ow2\asm\asm-analysis\9.7.1\asm-analysis-9.7.1.jar;C:\Users\filip\.m2\repository\org\ow2\asm\asm\9.7.1\asm-9.7.1.jar;C:\Users\filip\.m2\repository\org\ow2\asm\asm-commons\9.7.1\asm-commons-9.7.1.jar;C:\Users\filip\.m2\repository\org\ow2\asm\asm-tree\9.7.1\asm-tree-9.7.1.jar;C:\Users\filip\.m2\repository\io\quarkus\quarkus-hibernate-validator-spi\3.17.2\quarkus-hibernate-validator-spi-3.17.2.jar;C:\Users\filip\.m2\repository\io\quarkus\quarkus-class-change-agent\3.17.2\quarkus-class-change-agent-3.17.2.jar;C:\Users\filip\.m2\repository\io\quarkus\quarkus-devtools-utilities\3.17.2\quarkus-devtools-utilities-3.17.2.jar;C:\Users\filip\.m2\repository\io\quarkus\quarkus-builder\3.17.2\quarkus-builder-3.17.2.jar;C:\Users\filip\.m2\repository\org\graalvm\sdk\nativeimage\23.1.2\nativeimage-23.1.2.jar;C:\Users\filip\.m2\repository\org\graalvm\sdk\word\23.1.2\word-23.1.2.jar;C:\Users\filip\.m2\repository\org\junit\platform\junit-platform-launcher\1.10.5\junit-platform-launcher-1.10.5.jar;C:\Users\filip\.m2\repository\io\quarkus\quarkus-bootstrap-maven-resolver\3.17.2\quarkus-bootstrap-maven-resolver-3.17.2.jar;C:\Users\filip\.m2\repository\io\smallrye\beanbag\smallrye-beanbag-maven\1.5.2\smallrye-beanbag-maven-1.5.2.jar;C:\Users\filip\.m2\repository\io\smallrye\beanbag\smallrye-beanbag-sisu\1.5.2\smallrye-beanbag-sisu-1.5.2.jar;C:\Users\filip\.m2\repository\io\smallrye\beanbag\smallrye-beanbag\1.5.2\smallrye-beanbag-1.5.2.jar;C:\Users\filip\.m2\repository\org\apache\maven\maven-artifact\3.9.9\maven-artifact-3.9.9.jar;C:\Users\filip\.m2\repository\org\apache\maven\maven-builder-support\3.9.9\maven-builder-support-3.9.9.jar;C:\Users\filip\.m2\repository\org\apache\maven\maven-model\3.9.9\maven-model-3.9.9.jar;C:\Users\filip\.m2\repository\org\apache\maven\maven-model-builder\3.9.9\maven-model-builder-3.9.9.jar;C:\Users\filip\.m2\repository\org\apache\maven\maven-repository-metadata\3.9.9\maven-repository-metadata-3.9.9.jar;C:\Users\filip\.m2\repository\org\apache\maven\maven-settings\3.9.9\maven-settings-3.9.9.jar;C:\Users\filip\.m2\repository\org\apache\maven\resolver\maven-resolver-api\1.9.22\maven-resolver-api-1.9.22.jar;C:\Users\filip\.m2\repository\org\apache\maven\resolver\maven-resolver-impl\1.9.22\maven-resolver-impl-1.9.22.jar;C:\Users\filip\.m2\repository\org\apache\maven\resolver\maven-resolver-named-locks\1.9.22\maven-resolver-named-locks-1.9.22.jar;C:\Users\filip\.m2\repository\org\apache\maven\resolver\maven-resolver-spi\1.9.22\maven-resolver-spi-1.9.22.jar;C:\Users\filip\.m2\repository\org\apache\maven\resolver\maven-resolver-util\1.9.22\maven-resolver-util-1.9.22.jar;C:\Users\filip\.m2\repository\org\apache\maven\resolver\maven-resolver-transport-http\1.9.20\maven-resolver-transport-http-1.9.20.jar;C:\Users\filip\.m2\repository\org\apache\maven\wagon\wagon-provider-api\3.5.3\wagon-provider-api-3.5.3.jar;C:\Users\filip\.m2\repository\org\apache\maven\wagon\wagon-http-shared\3.5.3\wagon-http-shared-3.5.3.jar;C:\Users\filip\.m2\repository\org\codehaus\plexus\plexus-interpolation\1.26\plexus-interpolation-1.26.jar;C:\Users\filip\.m2\repository\org\codehaus\plexus\plexus-utils\3.5.1\plexus-utils-3.5.1.jar;C:\Users\filip\.m2\repository\org\codehaus\plexus\plexus-xml\4.0.1\plexus-xml-4.0.1.jar;C:\Users\filip\.m2\repository\org\apache\maven\maven-xml-impl\4.0.0-alpha-5\maven-xml-impl-4.0.0-alpha-5.jar;C:\Users\filip\.m2\repository\org\apache\maven\maven-api-xml\4.0.0-alpha-5\maven-api-xml-4.0.0-alpha-5.jar;C:\Users\filip\.m2\repository\org\apache\maven\maven-api-meta\4.0.0-alpha-5\maven-api-meta-4.0.0-alpha-5.jar;C:\Users\filip\.m2\repository\org\codehaus\plexus\plexus-cipher\2.0\plexus-cipher-2.0.jar;C:\Users\filip\.m2\repository\org\codehaus\plexus\plexus-sec-dispatcher\2.0\plexus-sec-dispatcher-2.0.jar;C:\Users\filip\.m2\repository\org\apache\maven\maven-embedder\3.9.9\maven-embedder-3.9.9.jar;C:\Users\filip\.m2\repository\org\apache\maven\maven-core\3.9.9\maven-core-3.9.9.jar;C:\Users\filip\.m2\repository\org\codehaus\plexus\plexus-component-annotations\2.1.0\plexus-component-annotations-2.1.0.jar;C:\Users\filip\.m2\repository\org\apache\maven\maven-plugin-api\3.9.9\maven-plugin-api-3.9.9.jar;C:\Users\filip\.m2\repository\org\apache\maven\shared\maven-shared-utils\3.4.2\maven-shared-utils-3.4.2.jar;C:\Users\filip\.m2\repository\com\google\inject\guice\5.1.0\guice-5.1.0.jar;C:\Users\filip\.m2\repository\aopalliance\aopalliance\1.0\aopalliance-1.0.jar;C:\Users\filip\.m2\repository\com\google\guava\guava\33.3.1-jre\guava-33.3.1-jre.jar;C:\Users\filip\.m2\repository\com\google\guava\failureaccess\1.0.1\failureaccess-1.0.1.jar;C:\Users\filip\.m2\repository\javax\annotation\javax.annotation-api\1.3.2\javax.annotation-api-1.3.2.jar;C:\Users\filip\.m2\repository\org\codehaus\plexus\plexus-classworlds\2.6.0\plexus-classworlds-2.6.0.jar;C:\Users\filip\.m2\repository\commons-cli\commons-cli\1.8.0\commons-cli-1.8.0.jar;C:\Users\filip\.m2\repository\org\eclipse\sisu\org.eclipse.sisu.plexus\0.9.0.M3\org.eclipse.sisu.plexus-0.9.0.M3.jar;C:\Users\filip\.m2\repository\org\apache\maven\maven-settings-builder\3.9.9\maven-settings-builder-3.9.9.jar;C:\Users\filip\.m2\repository\org\apache\maven\maven-resolver-provider\3.9.9\maven-resolver-provider-3.9.9.jar;C:\Users\filip\.m2\repository\org\apache\maven\resolver\maven-resolver-connector-basic\1.9.22\maven-resolver-connector-basic-1.9.22.jar;C:\Users\filip\.m2\repository\org\apache\maven\resolver\maven-resolver-transport-wagon\1.9.22\maven-resolver-transport-wagon-1.9.22.jar;C:\Users\filip\.m2\repository\org\apache\maven\wagon\wagon-http\3.5.3\wagon-http-3.5.3.jar;C:\Users\filip\.m2\repository\org\apache\maven\wagon\wagon-file\3.5.3\wagon-file-3.5.3.jar;C:\Users\filip\.m2\repository\io\quarkus\quarkus-bootstrap-gradle-resolver\3.17.2\quarkus-bootstrap-gradle-resolver-3.17.2.jar;C:\Users\filip\.m2\repository\io\smallrye\jandex\3.2.3\jandex-3.2.3.jar;C:\Users\filip\.m2\repository\commons-io\commons-io\2.17.0\commons-io-2.17.0.jar;C:\Users\filip\.m2\repository\io\quarkus\quarkus-junit5-properties\3.17.2\quarkus-junit5-properties-3.17.2.jar;C:\Users\filip\.m2\repository\org\junit\jupiter\junit-jupiter\5.10.5\junit-jupiter-5.10.5.jar;C:\Users\filip\.m2\repository\org\junit\jupiter\junit-jupiter-api\5.10.5\junit-jupiter-api-5.10.5.jar;C:\Users\filip\.m2\repository\org\opentest4j\opentest4j\1.3.0\opentest4j-1.3.0.jar;C:\Users\filip\.m2\repository\org\junit\platform\junit-platform-commons\1.10.5\junit-platform-commons-1.10.5.jar;C:\Users\filip\.m2\repository\org\apiguardian\apiguardian-api\1.1.2\apiguardian-api-1.1.2.jar;C:\Users\filip\.m2\repository\org\junit\jupiter\junit-jupiter-params\5.10.5\junit-jupiter-params-5.10.5.jar;C:\Users\filip\.m2\repository\org\junit\jupiter\junit-jupiter-engine\5.10.5\junit-jupiter-engine-5.10.5.jar;C:\Users\filip\.m2\repository\org\junit\platform\junit-platform-engine\1.10.5\junit-platform-engine-1.10.5.jar;C:\Users\filip\.m2\repository\org\jboss\marshalling\jboss-marshalling\2.2.1.Final\jboss-marshalling-2.2.1.Final.jar;C:\Users\filip\.m2\repository\io\rest-assured\rest-assured\5.5.0\rest-assured-5.5.0.jar;C:\Users\filip\.m2\repository\org\apache\groovy\groovy\4.0.22\groovy-4.0.22.jar;C:\Users\filip\.m2\repository\org\apache\groovy\groovy-xml\4.0.22\groovy-xml-4.0.22.jar;C:\Users\filip\.m2\repository\org\apache\httpcomponents\httpclient\4.5.14\httpclient-4.5.14.jar;C:\Users\filip\.m2\repository\org\apache\httpcomponents\httpcore\4.4.16\httpcore-4.4.16.jar;C:\Users\filip\.m2\repository\commons-codec\commons-codec\1.17.1\commons-codec-1.17.1.jar;C:\Users\filip\.m2\repository\org\apache\httpcomponents\httpmime\4.5.14\httpmime-4.5.14.jar;C:\Users\filip\.m2\repository\org\hamcrest\hamcrest\2.2\hamcrest-2.2.jar;C:\Users\filip\.m2\repository\org\ccil\cowan\tagsoup\tagsoup\1.2.1\tagsoup-1.2.1.jar;C:\Users\filip\.m2\repository\io\rest-assured\json-path\5.5.0\json-path-5.5.0.jar;C:\Users\filip\.m2\repository\org\apache\groovy\groovy-json\4.0.22\groovy-json-4.0.22.jar;C:\Users\filip\.m2\repository\io\rest-assured\rest-assured-common\5.5.0\rest-assured-common-5.5.0.jar;C:\Users\filip\.m2\repository\io\rest-assured\xml-path\5.5.0\xml-path-5.5.0.jar;C:\Users\filip\.m2\repository\org\apache\commons\commons-lang3\3.17.0\commons-lang3-3.17.0.jar;C:\Users\filip\.m2\repository\jakarta\persistence\jakarta.persistence-api\3.2.0\jakarta.persistence-api-3.2.0.jar;C:\Users\filip\.m2\repository\io\quarkus\quarkus-hibernate-reactive-panache\3.17.2\quarkus-hibernate-reactive-panache-3.17.2.jar;C:\Users\filip\.m2\repository\io\quarkus\quarkus-hibernate-reactive-panache-common\3.17.2\quarkus-hibernate-reactive-panache-common-3.17.2.jar;C:\Users\filip\.m2\repository\io\quarkus\quarkus-panache-common\3.17.2\quarkus-panache-common-3.17.2.jar;C:\Users\filip\.m2\repository\io\quarkus\quarkus-panache-hibernate-common\3.17.2\quarkus-panache-hibernate-common-3.17.2.jar;C:\Users\filip\.m2\repository\io\smallrye\common\smallrye-common-annotation\2.8.0\smallrye-common-annotation-2.8.0.jar;C:\Users\filip\.m2\repository\javax\enterprise\cdi-api\2.0.SP1\cdi-api-2.0.SP1.jar;C:\Users\filip\.m2\repository\javax\el\javax.el-api\3.0.0\javax.el-api-3.0.0.jar;C:\Users\filip\.m2\repository\javax\interceptor\javax.interceptor-api\1.2\javax.interceptor-api-1.2.jar;C:\Users\filip\.m2\repository\javax\inject\javax.inject\1\javax.inject-1.jar;C:\Users\filip\.m2\repository\javax\ws\rs\javax.ws.rs-api\2.1.1\javax.ws.rs-api-2.1.1.jar;C:\Users\filip\.m2\repository\io\quarkus\quarkus-jdbc-mysql\3.17.2\quarkus-jdbc-mysql-3.17.2.jar;C:\Users\filip\.m2\repository\io\quarkus\quarkus-agroal\3.17.2\quarkus-agroal-3.17.2.jar;C:\Users\filip\.m2\repository\io\agroal\agroal-api\2.5\agroal-api-2.5.jar;C:\Users\filip\.m2\repository\io\agroal\agroal-narayana\2.5\agroal-narayana-2.5.jar;C:\Users\filip\.m2\repository\org\jboss\jboss-transaction-spi\8.0.0.Final\jboss-transaction-spi-8.0.0.Final.jar;C:\Users\filip\.m2\repository\io\agroal\agroal-pool\2.5\agroal-pool-2.5.jar;C:\Users\filip\.m2\repository\io\quarkus\quarkus-hibernate-orm\3.17.2\quarkus-hibernate-orm-3.17.2.jar;C:\Users\filip\.m2\repository\io\quarkus\quarkus-narayana-jta\3.17.2\quarkus-narayana-jta-3.17.2.jar;C:\Users\filip\.m2\repository\io\quarkus\quarkus-transaction-annotations\3.17.2\quarkus-transaction-annotations-3.17.2.jar;C:\Users\filip\.m2\repository\io\smallrye\smallrye-context-propagation-jta\2.1.2\smallrye-context-propagation-jta-2.1.2.jar;C:\Users\filip\.m2\repository\io\smallrye\reactive\smallrye-reactive-converter-api\3.0.1\smallrye-reactive-converter-api-3.0.1.jar;C:\Users\filip\.m2\repository\io\smallrye\reactive\smallrye-reactive-converter-mutiny\3.0.1\smallrye-reactive-converter-mutiny-3.0.1.jar;C:\Users\filip\.m2\repository\io\smallrye\reactive\mutiny-zero-flow-adapters\1.1.0\mutiny-zero-flow-adapters-1.1.0.jar;C:\Users\filip\.m2\repository\org\jboss\narayana\jta\narayana-jta\7.1.0.Final\narayana-jta-7.1.0.Final.jar;C:\Users\filip\.m2\repository\jakarta\resource\jakarta.resource-api\2.1.0\jakarta.resource-api-2.1.0.jar;C:\Users\filip\.m2\repository\org\jboss\invocation\jboss-invocation\2.0.0.Final\jboss-invocation-2.0.0.Final.jar;C:\Users\filip\.m2\repository\org\eclipse\microprofile\reactive-streams-operators\microprofile-reactive-streams-operators-api\3.0.1\microprofile-reactive-streams-operators-api-3.0.1.jar;C:\Users\filip\.m2\repository\org\jboss\narayana\jts\narayana-jts-integration\7.1.0.Final\narayana-jts-integration-7.1.0.Final.jar;C:\Users\filip\.m2\repository\org\hibernate\orm\hibernate-core\6.6.3.Final\hibernate-core-6.6.3.Final.jar;C:\Users\filip\.m2\repository\com\fasterxml\classmate\1.7.0\classmate-1.7.0.jar;C:\Users\filip\.m2\repository\org\antlr\antlr4-runtime\4.13.0\antlr4-runtime-4.13.0.jar;C:\Users\filip\.m2\repository\net\bytebuddy\byte-buddy\1.14.18\byte-buddy-1.14.18.jar;C:\Users\filip\.m2\repository\org\hibernate\common\hibernate-commons-annotations\7.0.3.Final\hibernate-commons-annotations-7.0.3.Final.jar;C:\Users\filip\.m2\repository\org\hibernate\orm\hibernate-graalvm\6.6.3.Final\hibernate-graalvm-6.6.3.Final.jar;C:\Users\filip\.m2\repository\org\glassfish\jaxb\jaxb-runtime\4.0.5\jaxb-runtime-4.0.5.jar;C:\Users\filip\.m2\repository\org\glassfish\jaxb\jaxb-core\4.0.5\jaxb-core-4.0.5.jar;C:\Users\filip\.m2\repository\org\eclipse\angus\angus-activation\2.0.2\angus-activation-2.0.2.jar;C:\Users\filip\.m2\repository\org\glassfish\jaxb\txw2\4.0.5\txw2-4.0.5.jar;C:\Users\filip\.m2\repository\com\sun\istack\istack-commons-runtime\4.1.2\istack-commons-runtime-4.1.2.jar;C:\Users\filip\.m2\repository\jakarta\xml\bind\jakarta.xml.bind-api\4.0.2\jakarta.xml.bind-api-4.0.2.jar;C:\Users\filip\.m2\repository\jakarta\activation\jakarta.activation-api\2.1.3\jakarta.activation-api-2.1.3.jar;C:\Users\filip\.m2\repository\jakarta\transaction\jakarta.transaction-api\2.0.1\jakarta.transaction-api-2.0.1.jar;C:\Users\filip\.m2\repository\org\hibernate\quarkus-local-cache\0.3.0\quarkus-local-cache-0.3.0.jar;C:\Users\filip\.m2\repository\io\quarkus\quarkus-caffeine\3.17.2\quarkus-caffeine-3.17.2.jar;C:\Users\filip\.m2\repository\com\github\ben-manes\caffeine\caffeine\3.1.8\caffeine-3.1.8.jar;C:\Users\filip\.m2\repository\com\google\errorprone\error_prone_annotations\2.35.1\error_prone_annotations-2.35.1.jar;C:\Users\filip\.m2\repository\io\quarkus\quarkus-datasource\3.17.2\quarkus-datasource-3.17.2.jar;C:\Users\filip\.m2\repository\io\quarkus\quarkus-datasource-common\3.17.2\quarkus-datasource-common-3.17.2.jar;C:\Users\filip\.m2\repository\io\quarkus\quarkus-credentials\3.17.2\quarkus-credentials-3.17.2.jar;C:\Users\filip\.m2\repository\io\quarkus\quarkus-hibernate-reactive\3.17.2\quarkus-hibernate-reactive-3.17.2.jar;C:\Users\filip\.m2\repository\io\quarkus\quarkus-reactive-datasource\3.17.2\quarkus-reactive-datasource-3.17.2.jar;C:\Users\filip\.m2\repository\io\vertx\vertx-sql-client\4.5.11\vertx-sql-client-4.5.11.jar;C:\Users\filip\.m2\repository\org\hibernate\reactive\hibernate-reactive-core\2.4.2.Final\hibernate-reactive-core-2.4.2.Final.jar;C:\Users\filip\.m2\repository\io\quarkus\quarkus-mutiny\3.17.2\quarkus-mutiny-3.17.2.jar;C:\Users\filip\.m2\repository\io\quarkus\quarkus-smallrye-context-propagation\3.17.2\quarkus-smallrye-context-propagation-3.17.2.jar;C:\Users\filip\.m2\repository\io\smallrye\smallrye-context-propagation\2.1.2\smallrye-context-propagation-2.1.2.jar;C:\Users\filip\.m2\repository\io\smallrye\smallrye-context-propagation-api\2.1.2\smallrye-context-propagation-api-2.1.2.jar;C:\Users\filip\.m2\repository\io\smallrye\smallrye-context-propagation-storage\2.1.2\smallrye-context-propagation-storage-2.1.2.jar;C:\Users\filip\.m2\repository\io\smallrye\reactive\mutiny-smallrye-context-propagation\2.6.2\mutiny-smallrye-context-propagation-2.6.2.jar;C:\Users\filip\.m2\repository\io\quarkus\quarkus-reactive-mysql-client\3.17.2\quarkus-reactive-mysql-client-3.17.2.jar;C:\Users\filip\.m2\repository\io\quarkus\quarkus-vertx\3.17.2\quarkus-vertx-3.17.2.jar;C:\Users\filip\.m2\repository\io\quarkus\quarkus-netty\3.17.2\quarkus-netty-3.17.2.jar;C:\Users\filip\.m2\repository\io\netty\netty-codec\4.1.115.Final\netty-codec-4.1.115.Final.jar;C:\Users\filip\.m2\repository\io\netty\netty-codec-haproxy\4.1.115.Final\netty-codec-haproxy-4.1.115.Final.jar;C:\Users\filip\.m2\repository\io\quarkus\quarkus-vertx-latebound-mdc-provider\3.17.2\quarkus-vertx-latebound-mdc-provider-3.17.2.jar;C:\Users\filip\.m2\repository\io\smallrye\smallrye-fault-tolerance-vertx\6.6.3\smallrye-fault-tolerance-vertx-6.6.3.jar;C:\Users\filip\.m2\repository\io\vertx\vertx-mysql-client\4.5.11\vertx-mysql-client-4.5.11.jar;C:\Users\filip\.m2\repository\io\smallrye\reactive\smallrye-mutiny-vertx-mysql-client\3.16.0\smallrye-mutiny-vertx-mysql-client-3.16.0.jar;C:\Users\filip\.m2\repository\io\smallrye\reactive\smallrye-mutiny-vertx-sql-client\3.16.0\smallrye-mutiny-vertx-sql-client-3.16.0.jar;C:\Users\filip\.m2\repository\io\quarkus\quarkus-rest-jsonb\3.15.2\quarkus-rest-jsonb-3.15.2.jar;C:\Users\filip\.m2\repository\io\quarkus\resteasy\reactive\resteasy-reactive-jsonb\3.17.2\resteasy-reactive-jsonb-3.17.2.jar;C:\Users\filip\.m2\repository\org\eclipse\yasson\3.0.4\yasson-3.0.4.jar;C:\Users\filip\.m2\repository\jakarta\json\bind\jakarta.json.bind-api\3.0.1\jakarta.json.bind-api-3.0.1.jar;C:\Users\filip\.m2\repository\io\quarkus\quarkus-rest-jsonb-common\3.17.2\quarkus-rest-jsonb-common-3.17.2.jar;C:\Users\filip\.m2\repository\io\quarkus\quarkus-jsonb\3.17.2\quarkus-jsonb-3.17.2.jar;C:\Users\filip\.m2\repository\com\mysql\mysql-connector-j\8.0.32\mysql-connector-j-8.0.32.jar;"/>
    <property name="sun.cpu.endian" value="little"/>
    <property name="vertx.disableWebsockets" value="true"/>
    <property name="user.home" value="C:\Users\filip"/>
    <property name="user.language" value="en"/>
    <property name="jboss.log-version" value="false"/>
    <property name="java.specification.vendor" value="Oracle Corporation"/>
    <property name="io.netty.allocator.maxOrder" value="3"/>
    <property name="java.version.date" value="2024-01-16"/>
    <property name="java.home" value="C:\Users\filip\.jdks\openjdk-21.0.2"/>
    <property name="file.separator" value="\"/>
    <property name="basedir" value="C:\Users\filip\IdeaProjects\searchservice_journalsys"/>
    <property name="java.vm.compressedOopsMode" value="Zero based"/>
    <property name="line.separator" value="&#10;"/>
    <property name="java.vm.specification.vendor" value="Oracle Corporation"/>
    <property name="java.specification.name" value="Java Platform API Specification"/>
    <property name="surefire.real.class.path" value="C:\Users\filip\AppData\Local\Temp\surefire9824966903185028269\surefirebooter-20241207124738206_3.jar"/>
    <property name="user.script" value=""/>
    <property name="sun.management.compiler" value="HotSpot 64-Bit Tiered Compilers"/>
    <property name="java.runtime.version" value="21.0.2+13-58"/>
    <property name="user.name" value="filip"/>
    <property name="com.mysql.cj.disableAbandonedConnectionCleanup" value="true"/>
    <property name="stdout.encoding" value="Cp1252"/>
    <property name="path.separator" value=";"/>
    <property name="os.version" value="10.0"/>
    <property name="java.runtime.name" value="OpenJDK Runtime Environment"/>
    <property name="file.encoding" value="UTF-8"/>
    <property name="java.vm.name" value="OpenJDK 64-Bit Server VM"/>
    <property name="localRepository" value="C:\Users\filip\.m2\repository"/>
    <property name="java.vendor.url.bug" value="https://bugreport.java.com/bugreport/"/>
    <property name="java.io.tmpdir" value="C:\Users\filip\AppData\Local\Temp\"/>
    <property name="quarkus.log.file.path" value="target\quarkus.log"/>
    <property name="idea.version" value="2023.2.1"/>
    <property name="java.version" value="21.0.2"/>
    <property name="java.util.concurrent.ForkJoinPool.common.threadFactory" value="io.quarkus.bootstrap.forkjoin.QuarkusForkJoinWorkerThreadFactory"/>
    <property name="user.dir" value="C:\Users\filip\IdeaProjects\searchservice_journalsys"/>
    <property name="os.arch" value="amd64"/>
    <property name="java.vm.specification.name" value="Java Virtual Machine Specification"/>
    <property name="vertx.disableDnsResolver" value="true"/>
    <property name="sun.os.patch.level" value=""/>
    <property name="native.encoding" value="Cp1252"/>
    <property name="java.util.logging.manager" value="org.jboss.logmanager.LogManager"/>
    <property name="java.library.path" value="C:\Users\filip\.jdks\openjdk-21.0.2\bin;C:\Windows\Sun\Java\bin;C:\Windows\system32;C:\Windows;C:\Program Files (x86)\Razer Chroma SDK\bin;C:\Program Files\Razer Chroma SDK\bin;C:\Program Files (x86)\Razer\ChromaBroadcast\bin;C:\Program Files\Razer\ChromaBroadcast\bin;C:\Windows\system32;C:\Windows;C:\Windows\System32\Wbem;C:\Windows\System32\WindowsPowerShell\v1.0\;C:\Windows\System32\OpenSSH\;C:\Program Files (x86)\NVIDIA Corporation\PhysX\Common;C:\Program Files\MATLAB\R2022b\bin;C:\Program Files\dotnet\;C:\Windows\system32\config\systemprofile\AppData\Local\Microsoft\WindowsApps;C:\Program Files\Git\cmd;;C:\Program Files\Docker\Docker\resources\bin;C:\Program Files\nodejs\;C:\ProgramData\chocolatey\bin;C:\Program Files\NVIDIA Corporation\NVIDIA app\NvDLISR;C:\Program Files\Kubernetes\Minikube;C:\Users\filip\AppData\Local\Programs\Python\Python312\Scripts\;C:\Users\filip\AppData\Local\Programs\Python\Python312\;C:\Users\filip\AppData\Local\Microsoft\WindowsApps;C:\Users\filip\AppData\Local\Programs\Microsoft VS Code\bin;C:\Users\filip\OneDrive\Skrivbord;C:\MinGW\bin;C:\Users\filip\AppData\Local\JetBrains\Toolbox\scripts;C:\Users\filip\.dotnet\tools;C:\Users\filip\AppData\Local\Muse Hub\lib;C:\Users\filip\AppData\Roaming\npm;."/>
    <property name="java.vm.info" value="mixed mode, sharing"/>
    <property name="stderr.encoding" value="Cp1252"/>
    <property name="java.vendor" value="Oracle Corporation"/>
    <property name="vertx.disableTCCL" value="true"/>
    <property name="java.vm.version" value="21.0.2+13-58"/>
    <property name="sun.io.unicode.encoding" value="UnicodeLittle"/>
    <property name="io.netty.machineId" value="ea:dd:3f:80:78:29:ec:7e"/>
    <property name="java.class.version" value="65.0"/>
  </properties>
  <testcase name="testHelloEndpoint" classname="com.example.ExampleResourceTest" time="0.901">
    <system-out><![CDATA[2024-12-07 12:47:49,618 INFO  [org.hib.rea.pro.imp.ReactiveIntegrator] (JPA Startup Thread) HR000001: Hibernate Reactive
&amp#27;[35m[Hibernate]&amp#27;[0m 
    &amp#27;[34mselect&amp#27;[0m
        table_schema &amp#27;[34mas&amp#27;[0m TABLE_CAT ,
        &amp#27;[34mnull&amp#27;[0m &amp#27;[34mas&amp#27;[0m TABLE_SCHEM ,
        table_name &amp#27;[34mas&amp#27;[0m TABLE_NAME ,
        table_type &amp#27;[34mas&amp#27;[0m TABLE_TYPE ,
        &amp#27;[34mnull&amp#27;[0m &amp#27;[34mas&amp#27;[0m REMARKS 
    &amp#27;[34mfrom&amp#27;[0m
        information_schema.tables 
    &amp#27;[34mwhere&amp#27;[0m
        1 = 1 
        &amp#27;[34mand&amp#27;[0m table_name &amp#27;[34mlike&amp#27;[0m ? 
        &amp#27;[34mand&amp#27;[0m table_type &amp#27;[34min&amp#27;[0m ( ?, ? ) 
&amp#27;[35m[Hibernate]&amp#27;[0m 
    &amp#27;[34mselect&amp#27;[0m
        table_name &amp#27;[34mas&amp#27;[0m TABLE_NAME,
        column_name &amp#27;[34mas&amp#27;[0m COLUMN_NAME,
        &amp#27;[34mcase&amp#27;[0m 
            &amp#27;[34mwhen&amp#27;[0m data_type = &amp#27;[36m'bpchar'&amp#27;[0m 
                &amp#27;[34mthen&amp#27;[0m &amp#27;[36m'&amp#27;[34mCHAR&amp#27;[0m'&amp#27;[0m 
            &amp#27;[34melse&amp#27;[0m data_type 
    &amp#27;[34mend&amp#27;[0m &amp#27;[34mas&amp#27;[0m TYPE_NAME,
    &amp#27;[34mnull&amp#27;[0m &amp#27;[34mas&amp#27;[0m COLUMN_SIZE,
    &amp#27;[34mnull&amp#27;[0m &amp#27;[34mas&amp#27;[0m DECIMAL_DIGITS,
    is_nullable &amp#27;[34mas&amp#27;[0m IS_NULLABLE,
    &amp#27;[34mnull&amp#27;[0m &amp#27;[34mas&amp#27;[0m DATA_TYPE 
&amp#27;[34mfrom&amp#27;[0m
    information_schema.columns 
&amp#27;[34mwhere&amp#27;[0m
    1 = 1 
&amp#27;[34morder&amp#27;[0m &amp#27;[34mby&amp#27;[0m
    table_catalog,
    table_schema,
    table_name,
    column_name,
    ordinal_position
&amp#27;[35m[Hibernate]&amp#27;[0m 
    &amp#27;[34mselect&amp#27;[0m
        constraint_name &amp#27;[34mas&amp#27;[0m FK_NAME,
        referenced_table_schema &amp#27;[34mas&amp#27;[0m PKTABLE_CAT,
        &amp#27;[34mnull&amp#27;[0m &amp#27;[34mas&amp#27;[0m PKTABLE_SCHEM,
        referenced_table_name &amp#27;[34mas&amp#27;[0m PKTABLE_NAME,
        referenced_column_name &amp#27;[34mas&amp#27;[0m PKCOLUMN_NAME,
        column_name &amp#27;[34mas&amp#27;[0m FKCOLUMN_NAME 
    &amp#27;[34mfrom&amp#27;[0m
        information_schema.key_column_usage 
    &amp#27;[34mwhere&amp#27;[0m
        referenced_table_name &amp#27;[34mis&amp#27;[0m &amp#27;[34mnot&amp#27;[0m &amp#27;[34mnull&amp#27;[0m 
        &amp#27;[34mand&amp#27;[0m table_schema = ? 
        &amp#27;[34mand&amp#27;[0m table_name = ? 
    &amp#27;[34morder&amp#27;[0m &amp#27;[34mby&amp#27;[0m
        table_schema,
        table_name,
        ordinal_position
&amp#27;[35m[Hibernate]&amp#27;[0m 
    &amp#27;[34mselect&amp#27;[0m
        table_schema &amp#27;[34mas&amp#27;[0m TABLE_CAT ,
        &amp#27;[34mnull&amp#27;[0m &amp#27;[34mas&amp#27;[0m TABLE_SCHEM ,
        table_name &amp#27;[34mas&amp#27;[0m TABLE_NAME ,
        table_type &amp#27;[34mas&amp#27;[0m TABLE_TYPE ,
        &amp#27;[34mnull&amp#27;[0m &amp#27;[34mas&amp#27;[0m REMARKS 
    &amp#27;[34mfrom&amp#27;[0m
        information_schema.tables 
    &amp#27;[34mwhere&amp#27;[0m
        1 = 1 
        &amp#27;[34mand&amp#27;[0m table_schema = ? 
        &amp#27;[34mand&amp#27;[0m table_name &amp#27;[34mlike&amp#27;[0m ? 
        &amp#27;[34mand&amp#27;[0m table_type &amp#27;[34min&amp#27;[0m ( ?, ? ) 
&amp#27;[35m[Hibernate]&amp#27;[0m 
    &amp#27;[34mselect&amp#27;[0m
        table_name &amp#27;[34mas&amp#27;[0m TABLE_NAME,
        column_name &amp#27;[34mas&amp#27;[0m COLUMN_NAME,
        &amp#27;[34mcase&amp#27;[0m 
            &amp#27;[34mwhen&amp#27;[0m data_type = &amp#27;[36m'bpchar'&amp#27;[0m 
                &amp#27;[34mthen&amp#27;[0m &amp#27;[36m'&amp#27;[34mCHAR&amp#27;[0m'&amp#27;[0m 
            &amp#27;[34melse&amp#27;[0m data_type 
    &amp#27;[34mend&amp#27;[0m &amp#27;[34mas&amp#27;[0m TYPE_NAME,
    &amp#27;[34mnull&amp#27;[0m &amp#27;[34mas&amp#27;[0m COLUMN_SIZE,
    &amp#27;[34mnull&amp#27;[0m &amp#27;[34mas&amp#27;[0m DECIMAL_DIGITS,
    is_nullable &amp#27;[34mas&amp#27;[0m IS_NULLABLE,
    &amp#27;[34mnull&amp#27;[0m &amp#27;[34mas&amp#27;[0m DATA_TYPE 
&amp#27;[34mfrom&amp#27;[0m
    information_schema.columns 
&amp#27;[34mwhere&amp#27;[0m
    1 = 1 
    &amp#27;[34mand&amp#27;[0m table_schema = ? 
    &amp#27;[34mand&amp#27;[0m table_name &amp#27;[34mlike&amp#27;[0m ? 
&amp#27;[34morder&amp#27;[0m &amp#27;[34mby&amp#27;[0m
    table_catalog,
    table_schema,
    table_name,
    column_name,
    ordinal_position
&amp#27;[35m[Hibernate]&amp#27;[0m 
    &amp#27;[34mcreate&amp#27;[0m &amp#27;[34mtable&amp#27;[0m Encounter (
        id &amp#27;[34mbigint&amp#27;[0m &amp#27;[34mnot&amp#27;[0m &amp#27;[34mnull&amp#27;[0m auto_increment,
        &amp#27;[34mdate&amp#27;[0m datetime(6),
        outcome &amp#27;[34mvarchar&amp#27;[0m(255),
        patient_id &amp#27;[34mbigint&amp#27;[0m,
        practitioner_id &amp#27;[34mbigint&amp#27;[0m,
        reason &amp#27;[34mvarchar&amp#27;[0m(255),
        &amp#27;[34mprimary&amp#27;[0m &amp#27;[34mkey&amp#27;[0m (id)
    ) engine=InnoDB
2024-12-07 12:47:50,157 WARN  [org.hib.eng.jdb.spi.SqlExceptionHelper] (vert.x-eventloop-thread-0) SQL Error: 1050, SQLState: 42S01
2024-12-07 12:47:50,158 ERROR [org.hib.eng.jdb.spi.SqlExceptionHelper] (vert.x-eventloop-thread-0) {errorMessage=Table 'encounter' already exists, errorCode=1050, sqlState=42S01}
2024-12-07 12:47:50,159 WARN  [org.hib.rea.pro.ser.ReactiveGenerationTarget] (vert.x-eventloop-thread-0) HR000021: DDL command failed [org.hibernate.exception.SQLGrammarException: error executing SQL statement [{errorMessage=Table 'encounter' already exists, errorCode=1050, sqlState=42S01}] [
    create table Encounter (
        id bigint not null auto_increment,
        date datetime(6),
        outcome varchar(255),
        patient_id bigint,
        practitioner_id bigint,
        reason varchar(255),
        primary key (id)
    ) engine=InnoDB]]
&amp#27;[35m[Hibernate]&amp#27;[0m 
    &amp#27;[34mcreate&amp#27;[0m &amp#27;[34mtable&amp#27;[0m Patient (
        id &amp#27;[34mbigint&amp#27;[0m &amp#27;[34mnot&amp#27;[0m &amp#27;[34mnull&amp#27;[0m auto_increment,
        birthdate &amp#27;[34mdate&amp#27;[0m,
        name &amp#27;[34mvarchar&amp#27;[0m(255),
        user_id &amp#27;[34mbigint&amp#27;[0m,
        &amp#27;[34mprimary&amp#27;[0m &amp#27;[34mkey&amp#27;[0m (id)
    ) engine=InnoDB
2024-12-07 12:47:50,161 WARN  [org.hib.eng.jdb.spi.SqlExceptionHelper] (vert.x-eventloop-thread-0) SQL Error: 1050, SQLState: 42S01
2024-12-07 12:47:50,161 ERROR [org.hib.eng.jdb.spi.SqlExceptionHelper] (vert.x-eventloop-thread-0) {errorMessage=Table 'patient' already exists, errorCode=1050, sqlState=42S01}
2024-12-07 12:47:50,161 WARN  [org.hib.rea.pro.ser.ReactiveGenerationTarget] (vert.x-eventloop-thread-0) HR000021: DDL command failed [org.hibernate.exception.SQLGrammarException: error executing SQL statement [{errorMessage=Table 'patient' already exists, errorCode=1050, sqlState=42S01}] [
    create table Patient (
        id bigint not null auto_increment,
        birthdate date,
        name varchar(255),
        user_id bigint,
        primary key (id)
    ) engine=InnoDB]]
&amp#27;[35m[Hibernate]&amp#27;[0m 
    &amp#27;[34mcreate&amp#27;[0m &amp#27;[34mtable&amp#27;[0m Practitioner (
        id &amp#27;[34mbigint&amp#27;[0m &amp#27;[34mnot&amp#27;[0m &amp#27;[34mnull&amp#27;[0m auto_increment,
        name &amp#27;[34mvarchar&amp#27;[0m(255),
        role enum (&amp#27;[36m'DOCTOR'&amp#27;[0m,&amp#27;[36m'PATIENT'&amp#27;[0m,&amp#27;[36m'STAFF'&amp#27;[0m),
        specialization &amp#27;[34mvarchar&amp#27;[0m(255),
        userId &amp#27;[34mbigint&amp#27;[0m,
        &amp#27;[34mprimary&amp#27;[0m &amp#27;[34mkey&amp#27;[0m (id)
    ) engine=InnoDB
2024-12-07 12:47:50,162 WARN  [org.hib.eng.jdb.spi.SqlExceptionHelper] (vert.x-eventloop-thread-0) SQL Error: 1050, SQLState: 42S01
2024-12-07 12:47:50,162 ERROR [org.hib.eng.jdb.spi.SqlExceptionHelper] (vert.x-eventloop-thread-0) {errorMessage=Table 'practitioner' already exists, errorCode=1050, sqlState=42S01}
2024-12-07 12:47:50,162 WARN  [org.hib.rea.pro.ser.ReactiveGenerationTarget] (vert.x-eventloop-thread-0) HR000021: DDL command failed [org.hibernate.exception.SQLGrammarException: error executing SQL statement [{errorMessage=Table 'practitioner' already exists, errorCode=1050, sqlState=42S01}] [
    create table Practitioner (
        id bigint not null auto_increment,
        name varchar(255),
        role enum ('DOCTOR','PATIENT','STAFF'),
        specialization varchar(255),
        userId bigint,
        primary key (id)
    ) engine=InnoDB]]
2024-12-07 12:47:50,164 WARN  [io.qua.hib.orm.run.ser.QuarkusRuntimeInitDialectFactory] (JPA Startup Thread) Persistence unit default-reactive: Could not retrieve the database version to check it is at least 8.0.0
2024-12-07 12:47:50,201 INFO  [io.quarkus] (main) searchservice_journalsys 1.0-SNAPSHOT on JVM (powered by Quarkus 3.17.2) started in 6.091s. Listening on: http://localhost:8081
2024-12-07 12:47:50,201 INFO  [io.quarkus] (main) Profile test activated. 
2024-12-07 12:47:50,201 INFO  [io.quarkus] (main) Installed features: [agroal, cdi, hibernate-orm, hibernate-reactive, hibernate-reactive-panache, jdbc-mysql, narayana-jta, reactive-mysql-client, rest, rest-jsonb, smallrye-context-propagation, vertx]
]]></system-out>
  </testcase>
</testsuite>